

Microchip MPLAB XC8 Assembler V2.20 build 20200408173844 
                                                                                               Tue Aug 25 19:47:44 2020

Microchip MPLAB XC8 C Compiler v2.20 (Free license) build 20200408173844 Og1 
     1                           	processor	18F4520
     2                           	fnconf	rparam,??,?,0
     3                           	pagewidth 120
     4                           	opt	flic
     5                           	psect	cinit,global,reloc=2,class=CODE,delta=1
     6                           	psect	cstackCOMRAM,global,class=COMRAM,space=1,delta=1,lowdata,noexec
     7                           	psect	text0,global,reloc=2,class=CODE,delta=1
     8                           	psect	text1,global,reloc=2,class=CODE,delta=1
     9                           	psect	intsave_regs,global,class=BIGRAM,space=1,delta=1,noexec
    10                           	psect	rparam,global,class=COMRAM,space=1,delta=1,noexec
    11                           	psect	idloc,global,abs,ovrld,class=IDLOC,space=5,delta=1,noexec
    12                           	psect	config,global,abs,ovrld,class=CONFIG,space=4,delta=1,noexec
    13  0000                     
    14                           ; Version 2.20
    15                           ; Generated 12/02/2020 GMT
    16                           ; 
    17                           ; Copyright © 2020, Microchip Technology Inc. and its subsidiaries ("Microchip")
    18                           ; All rights reserved.
    19                           ; 
    20                           ; This software is developed by Microchip Technology Inc. and its subsidiaries ("Microch
      +                          ip").
    21                           ; 
    22                           ; Redistribution and use in source and binary forms, with or without modification, are
    23                           ; permitted provided that the following conditions are met:
    24                           ; 
    25                           ;     1. Redistributions of source code must retain the above copyright notice, this lis
      +                          t of
    26                           ;        conditions and the following disclaimer.
    27                           ; 
    28                           ;     2. Redistributions in binary form must reproduce the above copyright notice, this 
      +                          list
    29                           ;        of conditions and the following disclaimer in the documentation and/or other
    30                           ;        materials provided with the distribution.
    31                           ; 
    32                           ;     3. Microchip's name may not be used to endorse or promote products derived from th
      +                          is
    33                           ;        software without specific prior written permission.
    34                           ; 
    35                           ; THIS SOFTWARE IS PROVIDED BY MICROCHIP "AS IS" AND ANY EXPRESS OR IMPLIED WARRANTIES,
    36                           ; INCLUDING, BUT NOT LIMITED TO, THE IMPLIED WARRANTIES OF MERCHANTABILITY AND FITNESS F
      +                          OR
    37                           ; PURPOSE ARE DISCLAIMED.  IN NO EVENT SHALL MICROCHIP BE LIABLE FOR ANY DIRECT, INDIREC
      +                          T,
    38                           ; INCIDENTAL, SPECIAL, EXEMPLARY, OR CONSEQUENTIAL DAMAGES (INCLUDING BUT NOT LIMITED TO
    39                           ; PROCUREMENT OF SUBSTITUTE GOODS OR SERVICES; LOSS OF USE, DATA OR PROFITS; OR BUSINESS
    40                           ; INTERRUPTION) HOWSOEVER CAUSED AND ON ANY THEORY OF LIABILITY, WHETHER IN CONTRACT, ST
      +                          RICT
    41                           ; LIABILITY, OR TORT (INCLUDING NEGLIGENCE OR OTHERWISE) ARISING IN ANY WAY OUT OF THE U
      +                          SE OF
    42                           ; THIS SOFTWARE, EVEN IF ADVISED OF THE POSSIBILITY OF SUCH DAMAGE.
    43                           ; 
    44                           ; 
    45                           ; Code-generator required, PIC18F4520 Definitions
    46                           ; 
    47                           ; SFR Addresses
    48  0000                     _PORTB	set	3969
    49  0000                     _TRISB	set	3987
    50                           
    51                           ; #config settings
    52                           
    53                           	psect	cinit
    54  007EDA                     __pcinit:
    55                           	callstack 0
    56  007EDA                     start_initialization:
    57                           	callstack 0
    58  007EDA                     __initialization:
    59                           	callstack 0
    60  007EDA                     end_of_initialization:
    61                           	callstack 0
    62  007EDA                     __end_of__initialization:
    63                           	callstack 0
    64  007EDA  0E00               	movlw	low (__Lmediumconst shr (0+16))
    65  007EDC  6EF8               	movwf	tblptru,c
    66  007EDE  0100               	movlb	0
    67  007EE0  EF72  F03F         	goto	_main	;jump to C main() function
    68                           
    69                           	psect	cstackCOMRAM
    70  000001                     __pcstackCOMRAM:
    71                           	callstack 0
    72  000001                     displaynum@i:
    73                           	callstack 0
    74                           
    75                           ; 2 bytes @ 0x0
    76  000001                     	ds	2
    77  000003                     ??_displaynum:
    78                           
    79                           ; 1 bytes @ 0x2
    80  000003                     	ds	2
    81  000005                     main@i:
    82                           	callstack 0
    83                           
    84                           ; 2 bytes @ 0x4
    85  000005                     	ds	2
    86                           
    87 ;;
    88 ;;Main: autosize = 0, tempsize = 0, incstack = 0, save=0
    89 ;;
    90 ;; *************** function _main *****************
    91 ;; Defined at:
    92 ;;		line 14 in file "newmain.c"
    93 ;; Parameters:    Size  Location     Type
    94 ;;		None
    95 ;; Auto vars:     Size  Location     Type
    96 ;;  i               2    4[COMRAM] int 
    97 ;; Return value:  Size  Location     Type
    98 ;;                  1    wreg      void 
    99 ;; Registers used:
   100 ;;		wreg, status,2, status,0, cstack
   101 ;; Tracked objects:
   102 ;;		On entry : 0/0
   103 ;;		On exit  : 0/0
   104 ;;		Unchanged: 0/0
   105 ;; Data sizes:     COMRAM   BANK0   BANK1   BANK2   BANK3   BANK4   BANK5
   106 ;;      Params:         0       0       0       0       0       0       0
   107 ;;      Locals:         2       0       0       0       0       0       0
   108 ;;      Temps:          0       0       0       0       0       0       0
   109 ;;      Totals:         2       0       0       0       0       0       0
   110 ;;Total ram usage:        2 bytes
   111 ;; Hardware stack levels required when called:    1
   112 ;; This function calls:
   113 ;;		_displaynum
   114 ;; This function is called by:
   115 ;;		Startup code after reset
   116 ;; This function uses a non-reentrant model
   117 ;;
   118                           
   119                           	psect	text0
   120  007EE4                     __ptext0:
   121                           	callstack 0
   122  007EE4                     _main:
   123                           	callstack 30
   124  007EE4                     
   125                           ;newmain.c: 15:     int i;;newmain.c: 16:     TRISB = 0x00;
   126  007EE4  0E00               	movlw	0
   127  007EE6  6E93               	movwf	147,c	;volatile
   128                           
   129                           ;newmain.c: 17:     PORTB = 0x00;
   130  007EE8  0E00               	movlw	0
   131  007EEA  6E81               	movwf	129,c	;volatile
   132  007EEC                     l13:
   133                           
   134                           ;newmain.c: 19:     {;newmain.c: 20:         for(i=0;i<10;i++)
   135  007EEC  0E00               	movlw	0
   136  007EEE  6E06               	movwf	(main@i+1)^0,c
   137  007EF0  0E00               	movlw	0
   138  007EF2  6E05               	movwf	main@i^0,c
   139  007EF4                     l796:
   140                           
   141                           ;newmain.c: 21:         {;newmain.c: 22:            displaynum(1);
   142  007EF4  0E00               	movlw	0
   143  007EF6  6E02               	movwf	(displaynum@i+1)^0,c
   144  007EF8  0E01               	movlw	1
   145  007EFA  6E01               	movwf	displaynum@i^0,c
   146  007EFC  EC94  F03F         	call	_displaynum	;wreg free
   147  007F00                     
   148                           ;newmain.c: 23:         }
   149  007F00  4A05               	infsnz	main@i^0,f,c
   150  007F02  2A06               	incf	(main@i+1)^0,f,c
   151  007F04  BE06               	btfsc	(main@i+1)^0,7,c
   152  007F06  EF8E  F03F         	goto	u21
   153  007F0A  5006               	movf	(main@i+1)^0,w,c
   154  007F0C  E109               	bnz	u20
   155  007F0E  0E0A               	movlw	10
   156  007F10  5C05               	subwf	main@i^0,w,c
   157  007F12  A0D8               	btfss	status,0,c
   158  007F14  EF8E  F03F         	goto	u21
   159  007F18  EF90  F03F         	goto	u20
   160  007F1C                     u21:
   161  007F1C  EF7A  F03F         	goto	l796
   162  007F20                     u20:
   163  007F20  EF76  F03F         	goto	l13
   164  007F24  EF00  F000         	goto	start
   165  007F28                     __end_of_main:
   166                           	callstack 0
   167                           
   168 ;; *************** function _displaynum *****************
   169 ;; Defined at:
   170 ;;		line 29 in file "newmain.c"
   171 ;; Parameters:    Size  Location     Type
   172 ;;  i               2    0[COMRAM] int 
   173 ;; Auto vars:     Size  Location     Type
   174 ;;		None
   175 ;; Return value:  Size  Location     Type
   176 ;;                  1    wreg      void 
   177 ;; Registers used:
   178 ;;		wreg, status,2, status,0
   179 ;; Tracked objects:
   180 ;;		On entry : 0/0
   181 ;;		On exit  : 0/0
   182 ;;		Unchanged: 0/0
   183 ;; Data sizes:     COMRAM   BANK0   BANK1   BANK2   BANK3   BANK4   BANK5
   184 ;;      Params:         2       0       0       0       0       0       0
   185 ;;      Locals:         0       0       0       0       0       0       0
   186 ;;      Temps:          2       0       0       0       0       0       0
   187 ;;      Totals:         4       0       0       0       0       0       0
   188 ;;Total ram usage:        4 bytes
   189 ;; Hardware stack levels used:    1
   190 ;; This function calls:
   191 ;;		Nothing
   192 ;; This function is called by:
   193 ;;		_main
   194 ;; This function uses a non-reentrant model
   195 ;;
   196                           
   197                           	psect	text1
   198  007F28                     __ptext1:
   199                           	callstack 0
   200  007F28                     _displaynum:
   201                           	callstack 30
   202  007F28                     
   203                           ;newmain.c: 29: void displaynum(int i);newmain.c: 30: {;newmain.c: 31:     switch(i)
   204  007F28  EFC1  F03F         	goto	l782
   205  007F2C                     l760:
   206  007F2C  0EFE               	movlw	254
   207  007F2E  6E81               	movwf	129,c	;volatile
   208  007F30  EFF7  F03F         	goto	l784
   209  007F34                     l762:
   210  007F34  0EB0               	movlw	176
   211  007F36  6E81               	movwf	129,c	;volatile
   212  007F38  EFF7  F03F         	goto	l784
   213  007F3C                     l764:
   214  007F3C  0EED               	movlw	237
   215  007F3E  6E81               	movwf	129,c	;volatile
   216  007F40  EFF7  F03F         	goto	l784
   217  007F44                     l766:
   218  007F44  0EF9               	movlw	249
   219  007F46  6E81               	movwf	129,c	;volatile
   220  007F48  EFF7  F03F         	goto	l784
   221  007F4C                     l768:
   222  007F4C  0EB3               	movlw	179
   223  007F4E  6E81               	movwf	129,c	;volatile
   224  007F50  EFF7  F03F         	goto	l784
   225  007F54                     l770:
   226  007F54  0EDB               	movlw	219
   227  007F56  6E81               	movwf	129,c	;volatile
   228  007F58  EFF7  F03F         	goto	l784
   229  007F5C                     l772:
   230  007F5C  0E9F               	movlw	159
   231  007F5E  6E81               	movwf	129,c	;volatile
   232  007F60  EFF7  F03F         	goto	l784
   233  007F64                     l774:
   234  007F64  0EF0               	movlw	240
   235  007F66  6E81               	movwf	129,c	;volatile
   236  007F68  EFF7  F03F         	goto	l784
   237  007F6C                     l31:
   238  007F6C  6881               	setf	129,c	;volatile
   239  007F6E  EFF7  F03F         	goto	l784
   240  007F72                     l776:
   241  007F72  0EF3               	movlw	243
   242  007F74  6E81               	movwf	129,c	;volatile
   243  007F76  EFF7  F03F         	goto	l784
   244  007F7A                     l778:
   245  007F7A  0E00               	movlw	0
   246  007F7C  6E81               	movwf	129,c	;volatile
   247  007F7E  EFF7  F03F         	goto	l784
   248  007F82                     l782:
   249  007F82  C001  F003         	movff	displaynum@i,??_displaynum
   250  007F86  C002  F004         	movff	displaynum@i+1,??_displaynum+1
   251                           
   252                           ; Switch on 2 bytes has been partitioned into a top level switch of size 1, and 1 sub-sw
      +                          itches
   253                           ; Switch size 1, requested type "simple"
   254                           ; Number of cases is 1, Range of values is 0 to 0
   255                           ; switch strategies available:
   256                           ; Name         Instructions Cycles
   257                           ; simple_byte            4     3 (average)
   258                           ;	Chosen strategy is simple_byte
   259  007F8A  5004               	movf	(??_displaynum+1)^0,w,c
   260  007F8C  0A00               	xorlw	0	; case 0
   261  007F8E  B4D8               	btfsc	status,2,c
   262  007F90  EFCC  F03F         	goto	l806
   263  007F94  EFBD  F03F         	goto	l778
   264  007F98                     l806:
   265                           
   266                           ; Switch size 1, requested type "simple"
   267                           ; Number of cases is 10, Range of values is 0 to 9
   268                           ; switch strategies available:
   269                           ; Name         Instructions Cycles
   270                           ; simple_byte           31    16 (average)
   271                           ;	Chosen strategy is simple_byte
   272  007F98  5003               	movf	??_displaynum^0,w,c
   273  007F9A  0A00               	xorlw	0	; case 0
   274  007F9C  B4D8               	btfsc	status,2,c
   275  007F9E  EF96  F03F         	goto	l760
   276  007FA2  0A01               	xorlw	1	; case 1
   277  007FA4  B4D8               	btfsc	status,2,c
   278  007FA6  EF9A  F03F         	goto	l762
   279  007FAA  0A03               	xorlw	3	; case 2
   280  007FAC  B4D8               	btfsc	status,2,c
   281  007FAE  EF9E  F03F         	goto	l764
   282  007FB2  0A01               	xorlw	1	; case 3
   283  007FB4  B4D8               	btfsc	status,2,c
   284  007FB6  EFA2  F03F         	goto	l766
   285  007FBA  0A07               	xorlw	7	; case 4
   286  007FBC  B4D8               	btfsc	status,2,c
   287  007FBE  EFA6  F03F         	goto	l768
   288  007FC2  0A01               	xorlw	1	; case 5
   289  007FC4  B4D8               	btfsc	status,2,c
   290  007FC6  EFAA  F03F         	goto	l770
   291  007FCA  0A03               	xorlw	3	; case 6
   292  007FCC  B4D8               	btfsc	status,2,c
   293  007FCE  EFAE  F03F         	goto	l772
   294  007FD2  0A01               	xorlw	1	; case 7
   295  007FD4  B4D8               	btfsc	status,2,c
   296  007FD6  EFB2  F03F         	goto	l774
   297  007FDA  0A0F               	xorlw	15	; case 8
   298  007FDC  B4D8               	btfsc	status,2,c
   299  007FDE  EFB6  F03F         	goto	l31
   300  007FE2  0A01               	xorlw	1	; case 9
   301  007FE4  B4D8               	btfsc	status,2,c
   302  007FE6  EFB9  F03F         	goto	l776
   303  007FEA  EFBD  F03F         	goto	l778
   304  007FEE                     l784:
   305                           
   306                           ;newmain.c: 45:     _delay((unsigned long)((1)*(20000000/4000.0)));
   307  007FEE  0E07               	movlw	7
   308  007FF0  6E03               	movwf	??_displaynum^0,c
   309  007FF2  0E7D               	movlw	125
   310  007FF4                     u37:
   311  007FF4  2EE8               	decfsz	wreg,f,c
   312  007FF6  D7FE               	bra	u37
   313  007FF8  2E03               	decfsz	??_displaynum^0,f,c
   314  007FFA  D7FC               	bra	u37
   315  007FFC  F000               	nop	
   316  007FFE  0012               	return		;funcret
   317  008000                     __end_of_displaynum:
   318                           	callstack 0
   319  0000                     
   320                           	psect	rparam
   321  0000                     
   322                           	psect	idloc
   323                           
   324                           ;Config register IDLOC0 @ 0x200000
   325                           ;	unspecified, using default values
   326  200000                     	org	2097152
   327  200000  FF                 	db	255
   328                           
   329                           ;Config register IDLOC1 @ 0x200001
   330                           ;	unspecified, using default values
   331  200001                     	org	2097153
   332  200001  FF                 	db	255
   333                           
   334                           ;Config register IDLOC2 @ 0x200002
   335                           ;	unspecified, using default values
   336  200002                     	org	2097154
   337  200002  FF                 	db	255
   338                           
   339                           ;Config register IDLOC3 @ 0x200003
   340                           ;	unspecified, using default values
   341  200003                     	org	2097155
   342  200003  FF                 	db	255
   343                           
   344                           ;Config register IDLOC4 @ 0x200004
   345                           ;	unspecified, using default values
   346  200004                     	org	2097156
   347  200004  FF                 	db	255
   348                           
   349                           ;Config register IDLOC5 @ 0x200005
   350                           ;	unspecified, using default values
   351  200005                     	org	2097157
   352  200005  FF                 	db	255
   353                           
   354                           ;Config register IDLOC6 @ 0x200006
   355                           ;	unspecified, using default values
   356  200006                     	org	2097158
   357  200006  FF                 	db	255
   358                           
   359                           ;Config register IDLOC7 @ 0x200007
   360                           ;	unspecified, using default values
   361  200007                     	org	2097159
   362  200007  FF                 	db	255
   363                           
   364                           	psect	config
   365                           
   366                           ; Padding undefined space
   367  300000                     	org	3145728
   368  300000  FF                 	db	255
   369                           
   370                           ;Config register CONFIG1H @ 0x300001
   371                           ;	unspecified, using default values
   372                           ;	Oscillator Selection bits
   373                           ;	OSC = 0x7, unprogrammed default
   374                           ;	Fail-Safe Clock Monitor Enable bit
   375                           ;	FCMEN = 0x0, unprogrammed default
   376                           ;	Internal/External Oscillator Switchover bit
   377                           ;	IESO = 0x0, unprogrammed default
   378  300001                     	org	3145729
   379  300001  07                 	db	7
   380                           
   381                           ;Config register CONFIG2L @ 0x300002
   382                           ;	unspecified, using default values
   383                           ;	Power-up Timer Enable bit
   384                           ;	PWRT = 0x1, unprogrammed default
   385                           ;	Brown-out Reset Enable bits
   386                           ;	BOREN = 0x3, unprogrammed default
   387                           ;	Brown Out Reset Voltage bits
   388                           ;	BORV = 0x3, unprogrammed default
   389  300002                     	org	3145730
   390  300002  1F                 	db	31
   391                           
   392                           ;Config register CONFIG2H @ 0x300003
   393                           ;	unspecified, using default values
   394                           ;	Watchdog Timer Enable bit
   395                           ;	WDT = 0x1, unprogrammed default
   396                           ;	Watchdog Timer Postscale Select bits
   397                           ;	WDTPS = 0xF, unprogrammed default
   398  300003                     	org	3145731
   399  300003  1F                 	db	31
   400                           
   401                           ; Padding undefined space
   402  300004                     	org	3145732
   403  300004  FF                 	db	255
   404                           
   405                           ;Config register CONFIG3H @ 0x300005
   406                           ;	unspecified, using default values
   407                           ;	CCP2 MUX bit
   408                           ;	CCP2MX = 0x1, unprogrammed default
   409                           ;	PORTB A/D Enable bit
   410                           ;	PBADEN = 0x1, unprogrammed default
   411                           ;	Low-Power Timer1 Oscillator Enable bit
   412                           ;	LPT1OSC = 0x0, unprogrammed default
   413                           ;	MCLR Pin Enable bit
   414                           ;	MCLRE = 0x1, unprogrammed default
   415  300005                     	org	3145733
   416  300005  83                 	db	131
   417                           
   418                           ;Config register CONFIG4L @ 0x300006
   419                           ;	unspecified, using default values
   420                           ;	Stack Full/Underflow Reset Enable bit
   421                           ;	STVREN = 0x1, unprogrammed default
   422                           ;	Single-Supply ICSP Enable bit
   423                           ;	LVP = 0x1, unprogrammed default
   424                           ;	Extended Instruction Set Enable bit
   425                           ;	XINST = 0x0, unprogrammed default
   426                           ;	Background Debugger Enable bit
   427                           ;	DEBUG = 0x1, unprogrammed default
   428  300006                     	org	3145734
   429  300006  85                 	db	133
   430                           
   431                           ; Padding undefined space
   432  300007                     	org	3145735
   433  300007  FF                 	db	255
   434                           
   435                           ;Config register CONFIG5L @ 0x300008
   436                           ;	unspecified, using default values
   437                           ;	Code Protection bit
   438                           ;	CP0 = 0x1, unprogrammed default
   439                           ;	Code Protection bit
   440                           ;	CP1 = 0x1, unprogrammed default
   441                           ;	Code Protection bit
   442                           ;	CP2 = 0x1, unprogrammed default
   443                           ;	Code Protection bit
   444                           ;	CP3 = 0x1, unprogrammed default
   445  300008                     	org	3145736
   446  300008  0F                 	db	15
   447                           
   448                           ;Config register CONFIG5H @ 0x300009
   449                           ;	unspecified, using default values
   450                           ;	Boot Block Code Protection bit
   451                           ;	CPB = 0x1, unprogrammed default
   452                           ;	Data EEPROM Code Protection bit
   453                           ;	CPD = 0x1, unprogrammed default
   454  300009                     	org	3145737
   455  300009  C0                 	db	192
   456                           
   457                           ;Config register CONFIG6L @ 0x30000A
   458                           ;	unspecified, using default values
   459                           ;	Write Protection bit
   460                           ;	WRT0 = 0x1, unprogrammed default
   461                           ;	Write Protection bit
   462                           ;	WRT1 = 0x1, unprogrammed default
   463                           ;	Write Protection bit
   464                           ;	WRT2 = 0x1, unprogrammed default
   465                           ;	Write Protection bit
   466                           ;	WRT3 = 0x1, unprogrammed default
   467  30000A                     	org	3145738
   468  30000A  0F                 	db	15
   469                           
   470                           ;Config register CONFIG6H @ 0x30000B
   471                           ;	unspecified, using default values
   472                           ;	Configuration Register Write Protection bit
   473                           ;	WRTC = 0x1, unprogrammed default
   474                           ;	Boot Block Write Protection bit
   475                           ;	WRTB = 0x1, unprogrammed default
   476                           ;	Data EEPROM Write Protection bit
   477                           ;	WRTD = 0x1, unprogrammed default
   478  30000B                     	org	3145739
   479  30000B  E0                 	db	224
   480                           
   481                           ;Config register CONFIG7L @ 0x30000C
   482                           ;	unspecified, using default values
   483                           ;	Table Read Protection bit
   484                           ;	EBTR0 = 0x1, unprogrammed default
   485                           ;	Table Read Protection bit
   486                           ;	EBTR1 = 0x1, unprogrammed default
   487                           ;	Table Read Protection bit
   488                           ;	EBTR2 = 0x1, unprogrammed default
   489                           ;	Table Read Protection bit
   490                           ;	EBTR3 = 0x1, unprogrammed default
   491  30000C                     	org	3145740
   492  30000C  0F                 	db	15
   493                           
   494                           ;Config register CONFIG7H @ 0x30000D
   495                           ;	unspecified, using default values
   496                           ;	Boot Block Table Read Protection bit
   497                           ;	EBTRB = 0x1, unprogrammed default
   498  30000D                     	org	3145741
   499  30000D  40                 	db	64
   500                           tosu	equ	0xFFF
   501                           tosh	equ	0xFFE
   502                           tosl	equ	0xFFD
   503                           stkptr	equ	0xFFC
   504                           pclatu	equ	0xFFB
   505                           pclath	equ	0xFFA
   506                           pcl	equ	0xFF9
   507                           tblptru	equ	0xFF8
   508                           tblptrh	equ	0xFF7
   509                           tblptrl	equ	0xFF6
   510                           tablat	equ	0xFF5
   511                           prodh	equ	0xFF4
   512                           prodl	equ	0xFF3
   513                           indf0	equ	0xFEF
   514                           postinc0	equ	0xFEE
   515                           postdec0	equ	0xFED
   516                           preinc0	equ	0xFEC
   517                           plusw0	equ	0xFEB
   518                           fsr0h	equ	0xFEA
   519                           fsr0l	equ	0xFE9
   520                           wreg	equ	0xFE8
   521                           indf1	equ	0xFE7
   522                           postinc1	equ	0xFE6
   523                           postdec1	equ	0xFE5
   524                           preinc1	equ	0xFE4
   525                           plusw1	equ	0xFE3
   526                           fsr1h	equ	0xFE2
   527                           fsr1l	equ	0xFE1
   528                           bsr	equ	0xFE0
   529                           indf2	equ	0xFDF
   530                           postinc2	equ	0xFDE
   531                           postdec2	equ	0xFDD
   532                           preinc2	equ	0xFDC
   533                           plusw2	equ	0xFDB
   534                           fsr2h	equ	0xFDA
   535                           fsr2l	equ	0xFD9
   536                           status	equ	0xFD8

Data Sizes:
    Strings     0
    Constant    0
    Data        0
    BSS         0
    Persistent  0
    Stack       0

Auto Spaces:
    Space          Size  Autos    Used
    COMRAM          127      6       6
    BANK0           128      0       0
    BANK1           256      0       0
    BANK2           256      0       0
    BANK3           256      0       0
    BANK4           256      0       0
    BANK5           256      0       0

Pointer List with Targets:

    None.

Critical Paths under _main in COMRAM

    _main->_displaynum

Critical Paths under _main in BANK0

    None.

Critical Paths under _main in BANK1

    None.

Critical Paths under _main in BANK2

    None.

Critical Paths under _main in BANK3

    None.

Critical Paths under _main in BANK4

    None.

Critical Paths under _main in BANK5

    None.

Call Graph Tables:

 ---------------------------------------------------------------------------------
 (Depth) Function   	        Calls       Base Space   Used Autos Params    Refs
 ---------------------------------------------------------------------------------
 (0) _main                                                 2     2      0     144
                                              4 COMRAM     2     2      0
                         _displaynum
 ---------------------------------------------------------------------------------
 (1) _displaynum                                           4     2      2      98
                                              0 COMRAM     4     2      2
 ---------------------------------------------------------------------------------
 Estimated maximum stack depth 1
 ---------------------------------------------------------------------------------

 Call Graph Graphs:

 _main (ROOT)
   _displaynum

 Address spaces:
Name               Size   Autos  Total    Cost      Usage
BITCOMRAM           7F      0       0       0        0.0%
EEDATA             100      0       0       0        0.0%
NULL                 0      0       0       0        0.0%
CODE                 0      0       0       0        0.0%
COMRAM              7F      6       6       1        4.7%
STACK                0      0       0       2        0.0%
DATA                 0      0       0       3        0.0%
BITBANK0            80      0       0       4        0.0%
BANK0               80      0       0       5        0.0%
BITBANK1           100      0       0       6        0.0%
BANK1              100      0       0       7        0.0%
BITBANK2           100      0       0       8        0.0%
BANK2              100      0       0       9        0.0%
BITBANK3           100      0       0      10        0.0%
BANK3              100      0       0      11        0.0%
BITBANK4           100      0       0      12        0.0%
BANK4              100      0       0      13        0.0%
BANK5              100      0       0      14        0.0%
ABS                  0      0       0      15        0.0%
BITBANK5           100      0       0      16        0.0%
BIGRAM             5FF      0       0      17        0.0%
BITSFR               0      0       0     200        0.0%
SFR                  0      0       0     200        0.0%


Microchip Technology PIC18 Macro Assembler V2.20 build 20200408173844 
Symbol Table                                                                                   Tue Aug 25 19:47:44 2020

                     l13 7EEC                       l31 7F6C                       l34 7FFE  
                     u20 7F20                       u21 7F1C                       u37 7FF4  
                    l800 7F04                      l806 7F98                      l760 7F2C  
                    l770 7F54                      l762 7F34                      l772 7F5C  
                    l764 7F3C                      l774 7F64                      l766 7F44  
                    l782 7F82                      l758 7F28                      l790 7EE4  
                    l776 7F72                      l768 7F4C                      l784 7FEE  
                    l778 7F7A                      l796 7EF4                      l798 7F00  
                    wreg 000FE8                     _main 7EE4                     start 0000  
            displaynum@i 0001             ___param_bank 000000                    ?_main 0001  
                  _PORTB 000F81                    _TRISB 000F93                    main@i 0005  
                  status 000FD8          __initialization 7EDA             __end_of_main 7F28  
                 ??_main 0005            __activetblptr 000002                   tblptru 000FF8  
             __accesstop 0080  __end_of__initialization 7EDA            ___rparam_used 000001  
         __pcstackCOMRAM 0001               _displaynum 7F28                  __Hparam 0000  
                __Lparam 0000                  __pcinit 7EDA                  __ramtop 0600  
                __ptext0 7EE4                  __ptext1 7F28     end_of_initialization 7EDA  
          __Lmediumconst 0000              ?_displaynum 0001      start_initialization 7EDA  
    __size_of_displaynum 00D8             ??_displaynum 0003                 __Hrparam 0000  
               __Lrparam 0000       __end_of_displaynum 8000            __size_of_main 0044  
